<?xml version="1.0" encoding="UTF-8"?>
<!-- Generated by org.testng.reporters.JUnitXMLReporter -->
<testsuite ignored="0" hostname="ajay-singh-lodhi" failures="0" tests="18" name="Default test" time="801.217" errors="0" timestamp="2024-05-07T14:28:37 IST">
  <testcase classname="TestScript.ControlsMention" name="Login" time="11.988"/>
  <testcase classname="TestScript.ControlsMention" name="Click_On_Dashboard" time="14.866"/>
  <testcase classname="TestScript.ControlsMention" name="Click_On_Controls" time="18.526"/>
  <testcase classname="TestScript.ControlsMention" name="Click_On_Mention_In_Controls" time="21.133"/>
  <testcase classname="TestScript.ControlsMention" name="Disable_Mentions" time="37.674"/>
  <testcase classname="TestScript.ControlsMention" name="Enable_Mentions" time="37.472"/>
  <testcase classname="TestScript.ControlsMention" name="Disable_Mention_In_One_To_One_Chat" time="43.594"/>
  <testcase classname="TestScript.ControlsMention" name="Disable_Mention_In_Group_Chat" time="44.32"/>
  <testcase classname="TestScript.ControlsMention" name="Can_Mention_Non_Group_Users_Within_A_group" time="48.852"/>
  <testcase classname="TestScript.ControlsMention" name="Enter_Minimum_3_characters_after_to_show_mention_users" time="53.269"/>
  <testcase classname="TestScript.ControlsMention" name="Combination_Of_Disable_Mention_In_One_To_One_Chat_And_Group_Chat" time="43.934"/>
  <testcase classname="TestScript.ControlsMention" name="Combination_Of_Disable_Mention_In_One_To_One_Chat_And_Can_Mention_Non_Group_Users" time="48.727"/>
  <testcase classname="TestScript.ControlsMention" name="Combination_Of_Disable_Mention_In_One_To_One_Chat_And_Enter_Minimum_3_Character" time="53.533"/>
  <testcase classname="TestScript.ControlsMention" name="Combination_Of_Disable_Mention_In_One_To_One_Chat_And_Group_Chat_And_Enter_Minimum_3_Character" time="53.044"/>
  <testcase classname="TestScript.ControlsMention" name="Combination_Of_Disable_Mention_In_One_To_One_Chat_And_Enter_Minimum_3_Characters_And_Can_Mention_Non_Group_Within_A_Group" time="53.448"/>
  <testcase classname="TestScript.ControlsMention" name="Combination_Of_Disable_Mention_In_One_To_One_Chat_And_Group_Chat_And_Can_Mention_Non_Group_Within_A_Group" time="53.672"/>
  <testcase classname="TestScript.ControlsMention" name="Combination_Of_Disable_Mention_In_Group_Chat_And_Can_Mention_Non_Group_Within_A_Group_And_Enter_Minimum_3_Characters" time="53.676"/>
  <testcase classname="TestScript.ControlsMention" name="Combination_Of_Disable_Mention_In_One_To_One_Chat_And_Group_Chat_And_Can_Mention_Non_Group_Within_A_Group_And_Enter_Minimum_3_Characters" time="53.017"/>
</testsuite> <!-- Default test -->
